"Task Aware Debugger for GDB" version 11.10.0 (202404041456)
Copyright 2016-2023 NXP
==================================
14:17:42.334 INFO: [TadModel] DSF session ID 0 has started.
14:17:48.573 INFO: [TadState] TAD state changed: DEBUG_STARTED -> DEBUG_INIT_0 (RESUMED, USER_REQUEST)
14:17:48.642 INFO: [TadState] TAD state changed: DEBUG_INIT_0 -> DEBUG_INIT_1 (SUSPENDED, SIGNAL)
14:17:50.595 INFO: [TadState] TAD state changed: DEBUG_INIT_1 -> DEBUG_SUSPENDED (RESUMED, USER_REQUEST)
14:17:50.767 INFO: [TadState] TAD state changed: DEBUG_SUSPENDED -> DEBUG_SUSPENDED (SUSPENDED, BREAKPOINT)
14:17:53.553 INFO: [TadState] TAD state changed: DEBUG_SUSPENDED -> DEBUG_RESUMED (RESUMED, USER_REQUEST)
14:18:08.854 INFO: [TadState] TAD state changed: DEBUG_RESUMED -> READY (SUSPENDED, SIGNAL)
14:18:08.871 INFO: [Benchmark] Loading data for "Determine RTOS version" has started.
14:18:08.912 INFO: [FreeRtosTadModel] Heap type (memory allocation scheme) has been identified from FreeRTOSDebugConfig structure as Heap #4. 
14:18:08.913 INFO: [FreeRtosTadModel] FreeRTOS version has been identified from FreeRTOSDebugConfig structure as 10.4.3.
14:18:08.914 INFO: [Benchmark] Loading data for "Determine RTOS version" took 43 ms.
14:18:08.914 INFO: [Benchmark] Loading data for "Task List" has started.
14:18:09.755 ERROR: [VariableReader] Could not read variable expression: "ulTotalRunTime[0]".
14:18:09.756 ERROR: [VariableReader] Status ERROR: org.eclipse.cdt.dsf.gdb code=10004 Failed to execute MI command:
14:18:09.756 ERROR: [VariableReader] -data-evaluate-expression ulTotalRunTime[0]
14:18:09.756 ERROR: [VariableReader] Error message from debugger back end:
14:18:09.756 ERROR: [VariableReader] No symbol "ulTotalRunTime" in current context. java.lang.Exception: No symbol "ulTotalRunTime" in current context.
14:18:09.756 ERROR: [TaskFactory] ulTotalRunTime not available
14:18:09.787 ERROR: [VariableReader] Could not read variable expression: "pxReadyTasksLists[0]".
14:18:09.787 ERROR: [VariableReader] Status ERROR: org.eclipse.cdt.dsf.gdb code=10001 Connection is shut down
14:18:09.788 ERROR: [VariableReader] Could not read variable expression: "pxReadyTasksLists[0].uxNumberOfItems".
14:18:09.788 ERROR: [VariableReader] Status ERROR: org.eclipse.cdt.dsf.gdb code=10001 Connection is shut down
14:18:09.788 ERROR: [TaskFactory] Cannot read information from "pxReadyTasksLists[0]".
14:18:09.789 ERROR: [VariableReader] Could not read variable expression: "pxReadyTasksLists[1]".
14:18:09.789 ERROR: [VariableReader] Status ERROR: org.eclipse.cdt.dsf.gdb code=10001 Connection is shut down
14:18:09.790 ERROR: [VariableReader] Could not read variable expression: "pxReadyTasksLists[1].uxNumberOfItems".
14:18:09.790 ERROR: [VariableReader] Status ERROR: org.eclipse.cdt.dsf.gdb code=10001 Connection is shut down
14:18:09.790 ERROR: [TaskFactory] Cannot read information from "pxReadyTasksLists[1]".
14:18:10.994 ERROR: [VariableReader] Could not read variable expression: "pxReadyTasksLists[2]".
14:18:10.994 ERROR: [VariableReader] Status ERROR: org.eclipse.cdt.dsf.gdb code=10001 Connection is shut down
14:18:10.995 ERROR: [VariableReader] Could not read variable expression: "pxReadyTasksLists[2].uxNumberOfItems".
14:18:10.995 ERROR: [VariableReader] Status ERROR: org.eclipse.cdt.dsf.gdb code=10001 Connection is shut down
14:18:10.996 ERROR: [TaskFactory] Cannot read information from "pxReadyTasksLists[2]".
14:18:10.997 ERROR: [VariableReader] Could not read variable expression: "pxReadyTasksLists[3]".
14:18:10.998 ERROR: [VariableReader] Status ERROR: org.eclipse.cdt.dsf.gdb code=10001 Connection is shut down
14:18:11.01 ERROR: [VariableReader] Could not read variable expression: "pxReadyTasksLists[3].uxNumberOfItems".
14:18:11.01 ERROR: [VariableReader] Status ERROR: org.eclipse.cdt.dsf.gdb code=10001 Connection is shut down
14:18:11.02 ERROR: [TaskFactory] Cannot read information from "pxReadyTasksLists[3]".
14:18:11.02 ERROR: [VariableReader] Could not read variable expression: "pxReadyTasksLists[4]".
14:18:11.02 ERROR: [VariableReader] Status ERROR: org.eclipse.cdt.dsf.gdb code=10001 Connection is shut down
14:18:11.02 ERROR: [VariableReader] Could not read variable expression: "pxReadyTasksLists[4].uxNumberOfItems".
14:18:11.03 ERROR: [VariableReader] Status ERROR: org.eclipse.cdt.dsf.gdb code=10001 Connection is shut down
14:18:11.03 ERROR: [TaskFactory] Cannot read information from "pxReadyTasksLists[4]".
14:18:11.03 ERROR: [VariableReader] Could not read variable expression: "xPendingReadyList".
14:18:11.03 ERROR: [VariableReader] Status ERROR: org.eclipse.cdt.dsf.gdb code=10001 Connection is shut down
14:18:11.04 ERROR: [VariableReader] Could not read variable expression: "xPendingReadyList.uxNumberOfItems".
14:18:11.04 ERROR: [VariableReader] Status ERROR: org.eclipse.cdt.dsf.gdb code=10001 Connection is shut down
14:18:11.04 ERROR: [TaskFactory] Cannot read information from "xPendingReadyList".
14:18:11.04 ERROR: [VariableReader] Could not read variable expression: "xSuspendedTaskList".
14:18:11.04 ERROR: [VariableReader] Status ERROR: org.eclipse.cdt.dsf.gdb code=10001 Connection is shut down
14:18:11.05 ERROR: [VariableReader] Could not read variable expression: "xSuspendedTaskList.uxNumberOfItems".
14:18:11.05 ERROR: [VariableReader] Status ERROR: org.eclipse.cdt.dsf.gdb code=10001 Connection is shut down
14:18:11.05 ERROR: [TaskFactory] Cannot read information from "xSuspendedTaskList".
14:18:11.05 ERROR: [VariableReader] Could not read variable expression: "pxDelayedTaskList".
14:18:11.05 ERROR: [VariableReader] Status ERROR: org.eclipse.cdt.dsf.gdb code=10001 Connection is shut down
14:18:11.05 ERROR: [VariableReader] Could not read variable expression: "pxDelayedTaskList.uxNumberOfItems".
14:18:11.05 ERROR: [VariableReader] Status ERROR: org.eclipse.cdt.dsf.gdb code=10001 Connection is shut down
14:18:11.06 ERROR: [TaskFactory] Cannot read information from "pxDelayedTaskList".
14:18:11.06 ERROR: [VariableReader] Could not read variable expression: "pxOverflowDelayedTaskList".
14:18:11.07 ERROR: [VariableReader] Status ERROR: org.eclipse.cdt.dsf.gdb code=10001 Connection is shut down
14:18:11.07 ERROR: [VariableReader] Could not read variable expression: "pxOverflowDelayedTaskList.uxNumberOfItems".
14:18:11.08 ERROR: [VariableReader] Status ERROR: org.eclipse.cdt.dsf.gdb code=10001 Connection is shut down
14:18:11.08 ERROR: [TaskFactory] Cannot read information from "pxOverflowDelayedTaskList".
14:18:11.08 INFO: [Benchmark] Loading data for "Task List" took 2094 ms.
14:18:11.13 INFO: [TadModel] DSF session ID 0 has ended.
